#
# There is insufficient memory for the Java Runtime Environment to continue.
# Native memory allocation (mmap) failed to map 132120576 bytes. Error detail: G1 virtual space
# Possible reasons:
#   The system is out of physical RAM or swap space
#   This process is running with CompressedOops enabled, and the Java Heap may be blocking the growth of the native heap
# Possible solutions:
#   Reduce memory load on the system
#   Increase physical memory or swap space
#   Check if swap backing store is full
#   Decrease Java heap size (-Xmx/-Xms)
#   Decrease number of Java threads
#   Decrease Java thread stack sizes (-Xss)
#   Set larger code cache with -XX:ReservedCodeCacheSize=
#   JVM is running with Unscaled Compressed Oops mode in which the Java heap is
#     placed in the first 4GB address space. The Java Heap base address is the
#     maximum limit for the native heap growth. Please use -XX:HeapBaseMinAddress
#     to set the Java Heap base and to place the Java Heap above 4GB virtual address.
# This output file may be truncated or incomplete.
#
#  Out of Memory Error (os_windows.cpp:3631), pid=29952, tid=27188
#
# JRE version:  (22.0.2+9) (build )
# Java VM: Java HotSpot(TM) 64-Bit Server VM (22.0.2+9-70, mixed mode, sharing, tiered, compressed oops, compressed class ptrs, g1 gc, windows-amd64)
# No core dump will be written. Minidumps are not enabled by default on client versions of Windows
#

---------------  S U M M A R Y ------------

Command Line: com.schuquiej.proyecto_algoritmos.Proyecto_algoritmos

Host: 11th Gen Intel(R) Core(TM) i5-1155G7 @ 2.50GHz, 8 cores, 7G,  Windows 11 , 64 bit Build 22621 (10.0.22621.3958)
Time: Sat Oct 19 08:44:39 2024 Hora estándar, América Central elapsed time: 0.008284 seconds (0d 0h 0m 0s)

---------------  T H R E A D  ---------------

Current thread (0x00000141f8601670):  JavaThread "Unknown thread" [_thread_in_vm, id=27188, stack(0x00000040ff800000,0x00000040ff900000) (1024K)]

Stack: [0x00000040ff800000,0x00000040ff900000]
Native frames: (J=compiled Java code, j=interpreted, Vv=VM code, C=native code)
V  [jvm.dll+0x6e26e9]  (no source info available)
V  [jvm.dll+0x875753]  (no source info available)
V  [jvm.dll+0x877b7e]  (no source info available)
V  [jvm.dll+0x878253]  (no source info available)
V  [jvm.dll+0x27fc86]  (no source info available)
V  [jvm.dll+0x6ded85]  (no source info available)
V  [jvm.dll+0x6d388a]  (no source info available)
V  [jvm.dll+0x358b8a]  (no source info available)
V  [jvm.dll+0x3610b6]  (no source info available)
V  [jvm.dll+0x3b419e]  (no source info available)
V  [jvm.dll+0x3b4448]  (no source info available)
V  [jvm.dll+0x32c5ec]  (no source info available)
V  [jvm.dll+0x32d258]  (no source info available)
V  [jvm.dll+0x83d5ac]  (no source info available)
V  [jvm.dll+0x3c10d1]  (no source info available)
V  [jvm.dll+0x8264cc]  (no source info available)
V  [jvm.dll+0x45bd5e]  (no source info available)
V  [jvm.dll+0x45dbe1]  (no source info available)
C  [jli.dll+0x52a3]  (no source info available)
C  [ucrtbase.dll+0x29333]  (no source info available)
C  [KERNEL32.DLL+0x1257d]  (no source info available)
C  [ntdll.dll+0x5af28]  (no source info available)


---------------  P R O C E S S  ---------------

Threads class SMR info:
_java_thread_list=0x00007ff85642c1c8, length=0, elements={
}

Java Threads: ( => current thread )
Total: 0

Other Threads:
  0x00000141fa884160 WorkerThread "GC Thread#0"                     [id=26724, stack(0x00000040ff900000,0x00000040ffa00000) (1024K)]
  0x00000141fa894a90 ConcurrentGCThread "G1 Main Marker"            [id=2312, stack(0x00000040ffa00000,0x00000040ffb00000) (1024K)]
  0x00000141fa895750 WorkerThread "G1 Conc#0"                       [id=25524, stack(0x00000040ffb00000,0x00000040ffc00000) (1024K)]

[error occurred during error reporting (printing all threads), id 0xc0000005, EXCEPTION_ACCESS_VIOLATION (0xc0000005) at pc=0x00007ff855b7f517]
VM state: not at safepoint (not fully initialized)

VM Mutex/Monitor currently owned by a thread:  ([mutex/lock_event])
[0x00007ff8564acc80] Heap_lock - owner thread: 0x00000141f8601670

Heap address: 0x0000000083600000, size: 1994 MB, Compressed Oops mode: 32-bit

CDS archive(s) mapped at: [0x0000000000000000-0x0000000000000000-0x0000000000000000), size 0, SharedBaseAddress: 0x0000000800000000, ArchiveRelocationMode: 1.
Narrow klass base: 0x0000000000000000, Narrow klass shift: 0, Narrow klass range: 0x0

GC Precious Log:
 CardTable entry size: 512
 Card Set container configuration: InlinePtr #cards 5 size 8 Array Of Cards #cards 12 size 40 Howl #buckets 4 coarsen threshold 1843 Howl Bitmap #cards 512 size 80 coarsen threshold 460 Card regions per heap region 1 cards per card region 2048

Heap:
 garbage-first heap   total reserved 2041856K, committed 0K, used 0K [0x0000000083600000, 0x0000000100000000)
  region size 1024K, 0 young (0K), 0 survivors (0K)

[error occurred during error reporting (printing heap information), id 0xc0000005, EXCEPTION_ACCESS_VIOLATION (0xc0000005) at pc=0x00007ff855f7e869]
GC Heap History (0 events):
No events

Dll operation events (1 events):
Event: 0.005 Loaded shared library C:\Program Files\Java\jdk-22\bin\java.dll

Deoptimization events (0 events):
No events

Classes loaded (0 events):
No events

Classes unloaded (0 events):
No events

Classes redefined (0 events):
No events

Internal exceptions (0 events):
No events

ZGC Phase Switch (0 events):
No events

VM Operations (0 events):
No events

Memory protections (0 events):
No events

Nmethod flushes (0 events):
No events

Events (0 events):
No events


Dynamic libraries:
0x00007ff7477b0000 - 0x00007ff7477c0000 	C:\Program Files\Java\jdk-22\bin\java.exe
0x00007ff8c96b0000 - 0x00007ff8c98c7000 	C:\WINDOWS\SYSTEM32\ntdll.dll
0x00007ff8c8830000 - 0x00007ff8c88f4000 	C:\WINDOWS\System32\KERNEL32.DLL
0x00007ff8c6bc0000 - 0x00007ff8c6f6d000 	C:\WINDOWS\System32\KERNELBASE.dll
0x00007ff8c6f70000 - 0x00007ff8c7081000 	C:\WINDOWS\System32\ucrtbase.dll
0x00007ff8af3f0000 - 0x00007ff8af407000 	C:\Program Files\Java\jdk-22\bin\jli.dll
0x00007ff8ba8b0000 - 0x00007ff8ba8cb000 	C:\Program Files\Java\jdk-22\bin\VCRUNTIME140.dll
0x00007ff8c82e0000 - 0x00007ff8c848e000 	C:\WINDOWS\System32\USER32.dll
0x00007ff8c69d0000 - 0x00007ff8c69f6000 	C:\WINDOWS\System32\win32u.dll
0x00007ff8c8750000 - 0x00007ff8c8779000 	C:\WINDOWS\System32\GDI32.dll
0x00007ff8abf10000 - 0x00007ff8ac1a3000 	C:\WINDOWS\WinSxS\amd64_microsoft.windows.common-controls_6595b64144ccf1df_6.0.22621.3672_none_2713b9d173822955\COMCTL32.dll
0x00007ff8c6a00000 - 0x00007ff8c6b19000 	C:\WINDOWS\System32\gdi32full.dll
0x00007ff8c8780000 - 0x00007ff8c8827000 	C:\WINDOWS\System32\msvcrt.dll
0x00007ff8c6b20000 - 0x00007ff8c6bba000 	C:\WINDOWS\System32\msvcp_win.dll
0x00007ff8c8500000 - 0x00007ff8c8531000 	C:\WINDOWS\System32\IMM32.DLL
0x00007ff8c4180000 - 0x00007ff8c418c000 	C:\Program Files\Java\jdk-22\bin\vcruntime140_1.dll
0x00007ff897010000 - 0x00007ff89709e000 	C:\Program Files\Java\jdk-22\bin\msvcp140.dll
0x00007ff855840000 - 0x00007ff856589000 	C:\Program Files\Java\jdk-22\bin\server\jvm.dll
0x00007ff8c92a0000 - 0x00007ff8c9352000 	C:\WINDOWS\System32\ADVAPI32.dll
0x00007ff8c86a0000 - 0x00007ff8c8749000 	C:\WINDOWS\System32\sechost.dll
0x00007ff8c7340000 - 0x00007ff8c7368000 	C:\WINDOWS\System32\bcrypt.dll
0x00007ff8c78f0000 - 0x00007ff8c7a04000 	C:\WINDOWS\System32\RPCRT4.dll
0x00007ff8c9170000 - 0x00007ff8c91e1000 	C:\WINDOWS\System32\WS2_32.dll
0x00007ff8baa40000 - 0x00007ff8baa74000 	C:\WINDOWS\SYSTEM32\WINMM.dll
0x00007ff8c68a0000 - 0x00007ff8c68ed000 	C:\WINDOWS\SYSTEM32\POWRPROF.dll
0x00007ff8b9e30000 - 0x00007ff8b9e3a000 	C:\WINDOWS\SYSTEM32\VERSION.dll
0x00007ff8c6880000 - 0x00007ff8c6893000 	C:\WINDOWS\SYSTEM32\UMPDC.dll
0x00007ff8c5a20000 - 0x00007ff8c5a38000 	C:\WINDOWS\SYSTEM32\kernel.appcore.dll
0x00007ff8c3d60000 - 0x00007ff8c3d6a000 	C:\Program Files\Java\jdk-22\bin\jimage.dll
0x00007ff8bb160000 - 0x00007ff8bb392000 	C:\WINDOWS\SYSTEM32\DBGHELP.DLL
0x00007ff8c7460000 - 0x00007ff8c77ee000 	C:\WINDOWS\System32\combase.dll
0x00007ff8c7c50000 - 0x00007ff8c7d27000 	C:\WINDOWS\System32\OLEAUT32.dll
0x00007ff8ba940000 - 0x00007ff8ba972000 	C:\WINDOWS\SYSTEM32\dbgcore.DLL
0x00007ff8c7090000 - 0x00007ff8c710b000 	C:\WINDOWS\System32\bcryptPrimitives.dll
0x00007ff8ba5c0000 - 0x00007ff8ba5de000 	C:\Program Files\Java\jdk-22\bin\java.dll
0x00007ff8c8900000 - 0x00007ff8c9167000 	C:\WINDOWS\System32\SHELL32.dll
0x00007ff8c7a10000 - 0x00007ff8c7bb5000 	C:\WINDOWS\System32\ole32.dll

dbghelp: loaded successfully - version: 4.0.5 - missing functions: none
symbol engine: initialized successfully - sym options: 0x614 - pdb path: .;C:\Program Files\Java\jdk-22\bin;C:\WINDOWS\SYSTEM32;C:\WINDOWS\WinSxS\amd64_microsoft.windows.common-controls_6595b64144ccf1df_6.0.22621.3672_none_2713b9d173822955;C:\Program Files\Java\jdk-22\bin\server

VM Arguments:
java_command: com.schuquiej.proyecto_algoritmos.Proyecto_algoritmos
java_class_path (initial): C:\Users\sergi\Documents\GitHub\proyedcto_final\Project\target\classes;C:\Users\sergi\.m2\repository\com\fasterxml\jackson\core\jackson-databind\2.15.1\jackson-databind-2.15.1.jar;C:\Users\sergi\.m2\repository\com\fasterxml\jackson\core\jackson-core\2.15.1\jackson-core-2.15.1.jar;C:\Users\sergi\.m2\repository\com\fasterxml\jackson\core\jackson-annotations\2.15.1\jackson-annotations-2.15.1.jar;C:\Users\sergi\.m2\repository\top\jfunc\json\json-jackson\1.8.3\json-jackson-1.8.3.jar;C:\Users\sergi\.m2\repository\top\jfunc\json\json-common\1.8.2\json-common-1.8.2.jar
Launcher Type: SUN_STANDARD

[Global flags]
     intx CICompilerCount                          = 4                                         {product} {ergonomic}
     uint ConcGCThreads                            = 2                                         {product} {ergonomic}
     uint G1ConcRefinementThreads                  = 8                                         {product} {ergonomic}
   size_t G1HeapRegionSize                         = 1048576                                   {product} {ergonomic}
   size_t InitialHeapSize                          = 132120576                                 {product} {ergonomic}
   size_t MarkStackSize                            = 4194304                                   {product} {ergonomic}
   size_t MaxHeapSize                              = 2090860544                                {product} {ergonomic}
   size_t MinHeapDeltaBytes                        = 1048576                                   {product} {ergonomic}
   size_t MinHeapSize                              = 8388608                                   {product} {ergonomic}
    uintx NonNMethodCodeHeapSize                   = 5839372                                {pd product} {ergonomic}
    uintx NonProfiledCodeHeapSize                  = 122909434                              {pd product} {ergonomic}
    uintx ProfiledCodeHeapSize                     = 122909434                              {pd product} {ergonomic}
    uintx ReservedCodeCacheSize                    = 251658240                              {pd product} {ergonomic}
     bool SegmentedCodeCache                       = true                                      {product} {ergonomic}
   size_t SoftMaxHeapSize                          = 2090860544                             {manageable} {ergonomic}
     bool UseCompressedOops                        = true                           {product lp64_product} {ergonomic}
     bool UseG1GC                                  = true                                      {product} {ergonomic}
     bool UseLargePagesIndividualAllocation        = false                                  {pd product} {ergonomic}

Logging:
Log output configuration:
 #0: stdout all=warning uptime,level,tags foldmultilines=false
 #1: stderr all=off uptime,level,tags foldmultilines=false

Environment Variables:
JAVA_HOME=C:\Program Files\Java\jdk-22
PATH=C:\Program Files\Common Files\Oracle\Java\javapath;C:\Windows\System32\HWAudioDriverLibs;C:\Windows\system32;C:\Windows;C:\Windows\System32\Wbem;C:\Windows\System32\WindowsPowerShell\v1.0\;C:\Windows\System32\OpenSSH\;C:\Users\Administrator\AppData\Local\Microsoft\WindowsApps;C:\WINDOWS\system32;C:\WINDOWS;C:\WINDOWS\System32\Wbem;C:\WINDOWS\System32\WindowsPowerShell\v1.0\;C:\WINDOWS\System32\OpenSSH\;C:\Program Files\Git\cmd;C:\Users\sergi\AppData\Local\Microsoft\WindowsApps;C:\Users\sergi\AppData\Local\GitHubDesktop\bin;C:\Users\sergi\AppData\Local\Programs\Microsoft VS Code\bin
USERNAME=sergi
OS=Windows_NT
PROCESSOR_IDENTIFIER=Intel64 Family 6 Model 140 Stepping 2, GenuineIntel
TMP=C:\Users\sergi\AppData\Local\Temp
TEMP=C:\Users\sergi\AppData\Local\Temp




Periodic native trim disabled

---------------  S Y S T E M  ---------------

OS:
 Windows 11 , 64 bit Build 22621 (10.0.22621.3958)
OS uptime: 28 days 7:49 hours

CPU: total 8 (initial active 8) (4 cores per cpu, 2 threads per core) family 6 model 140 stepping 2 microcode 0x16, cx8, cmov, fxsr, ht, mmx, 3dnowpref, sse, sse2, sse3, ssse3, sse4.1, sse4.2, popcnt, lzcnt, tsc, tscinvbit, avx, avx2, aes, erms, clmul, bmi1, bmi2, adx, avx512f, avx512dq, avx512cd, avx512bw, avx512vl, sha, fma, vzeroupper, avx512_vpopcntdq, avx512_vpclmulqdq, avx512_vaes, avx512_vnni, clflush, clflushopt, clwb, avx512_vbmi2, avx512_vbmi, rdtscp, rdpid, fsrm, gfni, avx512_bitalg, f16c, pku, cet_ibt, cet_ss, avx512_ifma
Processor Information for processor 0
  Max Mhz: 2496, Current Mhz: 1198, Mhz Limit: 2496
Processor Information for processor 1
  Max Mhz: 2496, Current Mhz: 1198, Mhz Limit: 2496
Processor Information for processor 2
  Max Mhz: 2496, Current Mhz: 1198, Mhz Limit: 2496
Processor Information for processor 3
  Max Mhz: 2496, Current Mhz: 2496, Mhz Limit: 2496
Processor Information for processor 4
  Max Mhz: 2496, Current Mhz: 1198, Mhz Limit: 2496
Processor Information for processor 5
  Max Mhz: 2496, Current Mhz: 2496, Mhz Limit: 2496
Processor Information for processor 6
  Max Mhz: 2496, Current Mhz: 2496, Mhz Limit: 2496
Processor Information for processor 7
  Max Mhz: 2496, Current Mhz: 2496, Mhz Limit: 2496

Memory: 4k page, system-wide physical 7975M (595M free)
TotalPageFile size 23335M (AvailPageFile size 76M)
current process WorkingSet (physical memory assigned to process): 12M, peak: 12M
current process commit charge ("private bytes"): 60M, peak: 186M

vm_info: Java HotSpot(TM) 64-Bit Server VM (22.0.2+9-70) for windows-amd64 JRE (22.0.2+9-70), built on 2024-06-04T16:52:23Z by "mach5one" with MS VC++ 17.6 (VS2022)

END.
