#
# There is insufficient memory for the Java Runtime Environment to continue.
# Native memory allocation (malloc) failed to allocate 32744 bytes. Error detail: Chunk::new
# Possible reasons:
#   The system is out of physical RAM or swap space
#   This process is running with CompressedOops enabled, and the Java Heap may be blocking the growth of the native heap
# Possible solutions:
#   Reduce memory load on the system
#   Increase physical memory or swap space
#   Check if swap backing store is full
#   Decrease Java heap size (-Xmx/-Xms)
#   Decrease number of Java threads
#   Decrease Java thread stack sizes (-Xss)
#   Set larger code cache with -XX:ReservedCodeCacheSize=
#   JVM is running with Unscaled Compressed Oops mode in which the Java heap is
#     placed in the first 4GB address space. The Java Heap base address is the
#     maximum limit for the native heap growth. Please use -XX:HeapBaseMinAddress
#     to set the Java Heap base and to place the Java Heap above 4GB virtual address.
# This output file may be truncated or incomplete.
#
#  Out of Memory Error (arena.cpp:150), pid=23972, tid=31484
#
# JRE version: Java(TM) SE Runtime Environment (22.0.2+9) (build 22.0.2+9-70)
# Java VM: Java HotSpot(TM) 64-Bit Server VM (22.0.2+9-70, mixed mode, sharing, tiered, compressed oops, compressed class ptrs, g1 gc, windows-amd64)
# No core dump will be written. Minidumps are not enabled by default on client versions of Windows
#

---------------  S U M M A R Y ------------

Command Line: com.schuquiej.proyecto_algoritmos.Proyecto_algoritmos

Host: 11th Gen Intel(R) Core(TM) i5-1155G7 @ 2.50GHz, 8 cores, 7G,  Windows 11 , 64 bit Build 22621 (10.0.22621.3958)
Time: Sat Oct 19 08:28:08 2024 Hora estándar, América Central elapsed time: 5.525428 seconds (0d 0h 0m 5s)

---------------  T H R E A D  ---------------

Current thread (0x000002a49d40d330):  JavaThread "C1 CompilerThread0" daemon [_thread_in_native, id=31484, stack(0x000000e593800000,0x000000e593900000) (1024K)]


Current CompileTask:
C1:5525 1265       3       javax.swing.UIDefaults$TextAndMnemonicHashMap::get (358 bytes)

Stack: [0x000000e593800000,0x000000e593900000]
Native frames: (J=compiled Java code, j=interpreted, Vv=VM code, C=native code)
V  [jvm.dll+0x6e26e9]  (no source info available)
V  [jvm.dll+0x875753]  (no source info available)
V  [jvm.dll+0x877b7e]  (no source info available)
V  [jvm.dll+0x878253]  (no source info available)
V  [jvm.dll+0x27fc86]  (no source info available)
V  [jvm.dll+0xc3d0f]  (no source info available)
V  [jvm.dll+0xc3f6b]  (no source info available)
V  [jvm.dll+0x1949d4]  (no source info available)
V  [jvm.dll+0x194c4d]  (no source info available)
V  [jvm.dll+0x194ccd]  (no source info available)
V  [jvm.dll+0x197271]  (no source info available)
V  [jvm.dll+0x198714]  (no source info available)
V  [jvm.dll+0x153e45]  (no source info available)
V  [jvm.dll+0x1535c3]  (no source info available)
V  [jvm.dll+0x1538a0]  (no source info available)
V  [jvm.dll+0x152c1d]  (no source info available)
V  [jvm.dll+0x154add]  (no source info available)
V  [jvm.dll+0x2568f3]  (no source info available)
V  [jvm.dll+0x254baa]  (no source info available)
V  [jvm.dll+0x3f57a6]  (no source info available)
V  [jvm.dll+0x81dc0b]  (no source info available)
V  [jvm.dll+0x6e0d85]  (no source info available)
C  [ucrtbase.dll+0x29333]  (no source info available)
C  [KERNEL32.DLL+0x1257d]  (no source info available)
C  [ntdll.dll+0x5af28]  (no source info available)


---------------  P R O C E S S  ---------------

Threads class SMR info:
_java_thread_list=0x000002a4e4425bc0, length=17, elements={
0x000002a49d3f9030, 0x000002a49d3fa040, 0x000002a49d4009b0, 0x000002a49d404fa0,
0x000002a49d407640, 0x000002a49d409850, 0x000002a49d40c470, 0x000002a49d40d330,
0x000002a49d6bbb40, 0x000002a49d6c2df0, 0x000002a49d9186a0, 0x000002a49d91ca20,
0x000002a49d920140, 0x000002a49d98e470, 0x000002a4fe8b25c0, 0x000002a4e44167f0,
0x000002a4e4427600
}

Java Threads: ( => current thread )
  0x000002a49d3f9030 JavaThread "Reference Handler"          daemon [_thread_blocked, id=8704, stack(0x000000e593100000,0x000000e593200000) (1024K)]
  0x000002a49d3fa040 JavaThread "Finalizer"                  daemon [_thread_blocked, id=33412, stack(0x000000e593200000,0x000000e593300000) (1024K)]
  0x000002a49d4009b0 JavaThread "Signal Dispatcher"          daemon [_thread_blocked, id=10040, stack(0x000000e593300000,0x000000e593400000) (1024K)]
  0x000002a49d404fa0 JavaThread "Attach Listener"            daemon [_thread_blocked, id=26512, stack(0x000000e593400000,0x000000e593500000) (1024K)]
  0x000002a49d407640 JavaThread "Service Thread"             daemon [_thread_blocked, id=26748, stack(0x000000e593500000,0x000000e593600000) (1024K)]
  0x000002a49d409850 JavaThread "Monitor Deflation Thread"   daemon [_thread_blocked, id=31112, stack(0x000000e593600000,0x000000e593700000) (1024K)]
  0x000002a49d40c470 JavaThread "C2 CompilerThread0"         daemon [_thread_blocked, id=30620, stack(0x000000e593700000,0x000000e593800000) (1024K)]
=>0x000002a49d40d330 JavaThread "C1 CompilerThread0"         daemon [_thread_in_native, id=31484, stack(0x000000e593800000,0x000000e593900000) (1024K)]
  0x000002a49d6bbb40 JavaThread "Notification Thread"        daemon [_thread_blocked, id=33644, stack(0x000000e593900000,0x000000e593a00000) (1024K)]
  0x000002a49d6c2df0 JavaThread "Common-Cleaner"             daemon [_thread_blocked, id=15564, stack(0x000000e593a00000,0x000000e593b00000) (1024K)]
  0x000002a49d9186a0 JavaThread "Java2D Disposer"            daemon [_thread_blocked, id=11412, stack(0x000000e593b00000,0x000000e593c00000) (1024K)]
  0x000002a49d91ca20 JavaThread "AWT-Shutdown"                      [_thread_blocked, id=7400, stack(0x000000e593c00000,0x000000e593d00000) (1024K)]
  0x000002a49d920140 JavaThread "AWT-Windows"                daemon [_thread_in_native, id=31748, stack(0x000000e593d00000,0x000000e593e00000) (1024K)]
  0x000002a49d98e470 JavaThread "AWT-EventQueue-0"                  [_thread_in_native, id=22064, stack(0x000000e593e00000,0x000000e593f00000) (1024K)]
  0x000002a4fe8b25c0 JavaThread "DestroyJavaVM"                     [_thread_blocked, id=31680, stack(0x000000e592900000,0x000000e592a00000) (1024K)]
  0x000002a4e44167f0 JavaThread "TimerQueue"                 daemon [_thread_blocked, id=15372, stack(0x000000e594300000,0x000000e594400000) (1024K)]
  0x000002a4e4427600 JavaThread "Image Fetcher 0"            daemon [_thread_blocked, id=30212, stack(0x000000e594200000,0x000000e594300000) (1024K)]
Total: 17

Other Threads:
  0x000002a49d3dda10 VMThread "VM Thread"                           [id=34672, stack(0x000000e593000000,0x000000e593100000) (1024K)]
  0x000002a49d3c3c50 WatcherThread "VM Periodic Task Thread"        [id=32688, stack(0x000000e592f00000,0x000000e593000000) (1024K)]
  0x000002a4ff855200 WorkerThread "GC Thread#0"                     [id=22608, stack(0x000000e592a00000,0x000000e592b00000) (1024K)]
  0x000002a4ff865b30 ConcurrentGCThread "G1 Main Marker"            [id=13552, stack(0x000000e592b00000,0x000000e592c00000) (1024K)]
  0x000002a4ff8667f0 WorkerThread "G1 Conc#0"                       [id=15676, stack(0x000000e592c00000,0x000000e592d00000) (1024K)]
  0x000002a49d2949a0 ConcurrentGCThread "G1 Refine#0"               [id=26312, stack(0x000000e592d00000,0x000000e592e00000) (1024K)]
  0x000002a49d295330 ConcurrentGCThread "G1 Service"                [id=35756, stack(0x000000e592e00000,0x000000e592f00000) (1024K)]
Total: 7

Threads with active compile tasks:
C1 CompilerThread0  5552 1265       3       javax.swing.UIDefaults$TextAndMnemonicHashMap::get (358 bytes)
Total: 1

VM state: not at safepoint (normal execution)

VM Mutex/Monitor currently owned by a thread: None

Heap address: 0x0000000083600000, size: 1994 MB, Compressed Oops mode: 32-bit

CDS archive(s) mapped at: [0x000002a49e000000-0x000002a49ec60000-0x000002a49ec60000), size 12976128, SharedBaseAddress: 0x000002a49e000000, ArchiveRelocationMode: 1.
Compressed class space mapped at: 0x000002a49f000000-0x000002a4df000000, reserved size: 1073741824
Narrow klass base: 0x000002a49e000000, Narrow klass shift: 0, Narrow klass range: 0x41000000

GC Precious Log:
 CardTable entry size: 512
 Card Set container configuration: InlinePtr #cards 5 size 8 Array Of Cards #cards 12 size 40 Howl #buckets 4 coarsen threshold 1843 Howl Bitmap #cards 512 size 80 coarsen threshold 460 Card regions per heap region 1 cards per card region 2048
 CPUs: 8 total, 8 available
 Memory: 7975M
 Large Page Support: Disabled
 NUMA Support: Disabled
 Compressed Oops: Enabled (32-bit)
 Heap Region Size: 1M
 Heap Min Capacity: 8M
 Heap Initial Capacity: 126M
 Heap Max Capacity: 1994M
 Pre-touch: Disabled
 Parallel Workers: 8
 Concurrent Workers: 2
 Concurrent Refinement Workers: 8
 Periodic GC: Disabled

Heap:
 garbage-first heap   total reserved 2041856K, committed 129024K, used 12288K [0x0000000083600000, 0x0000000100000000)
  region size 1024K, 12 young (12288K), 0 survivors (0K)
 Metaspace       used 9368K, committed 9664K, reserved 1114112K
  class space    used 1087K, committed 1216K, reserved 1048576K

Heap Regions: E=young(eden), S=young(survivor), O=old, HS=humongous(starts), HC=humongous(continues), CS=collection set, F=free, TAMS=top-at-mark-start, PB=parsable bottom
|   0|0x0000000083600000, 0x0000000083700000, 0x0000000083700000|100%|HS|  |TAMS 0x0000000083600000| PB 0x0000000083600000| Complete |  0
|   1|0x0000000083700000, 0x0000000083700000, 0x0000000083800000|  0%| F|  |TAMS 0x0000000083700000| PB 0x0000000083700000| Untracked |  0
|   2|0x0000000083800000, 0x0000000083800000, 0x0000000083900000|  0%| F|  |TAMS 0x0000000083800000| PB 0x0000000083800000| Untracked |  0
|   3|0x0000000083900000, 0x0000000083900000, 0x0000000083a00000|  0%| F|  |TAMS 0x0000000083900000| PB 0x0000000083900000| Untracked |  0
|   4|0x0000000083a00000, 0x0000000083a00000, 0x0000000083b00000|  0%| F|  |TAMS 0x0000000083a00000| PB 0x0000000083a00000| Untracked |  0
|   5|0x0000000083b00000, 0x0000000083b00000, 0x0000000083c00000|  0%| F|  |TAMS 0x0000000083b00000| PB 0x0000000083b00000| Untracked |  0
|   6|0x0000000083c00000, 0x0000000083c00000, 0x0000000083d00000|  0%| F|  |TAMS 0x0000000083c00000| PB 0x0000000083c00000| Untracked |  0
|   7|0x0000000083d00000, 0x0000000083d00000, 0x0000000083e00000|  0%| F|  |TAMS 0x0000000083d00000| PB 0x0000000083d00000| Untracked |  0
|   8|0x0000000083e00000, 0x0000000083e00000, 0x0000000083f00000|  0%| F|  |TAMS 0x0000000083e00000| PB 0x0000000083e00000| Untracked |  0
|   9|0x0000000083f00000, 0x0000000083f00000, 0x0000000084000000|  0%| F|  |TAMS 0x0000000083f00000| PB 0x0000000083f00000| Untracked |  0
|  10|0x0000000084000000, 0x0000000084000000, 0x0000000084100000|  0%| F|  |TAMS 0x0000000084000000| PB 0x0000000084000000| Untracked |  0
|  11|0x0000000084100000, 0x0000000084100000, 0x0000000084200000|  0%| F|  |TAMS 0x0000000084100000| PB 0x0000000084100000| Untracked |  0
|  12|0x0000000084200000, 0x0000000084200000, 0x0000000084300000|  0%| F|  |TAMS 0x0000000084200000| PB 0x0000000084200000| Untracked |  0
|  13|0x0000000084300000, 0x0000000084300000, 0x0000000084400000|  0%| F|  |TAMS 0x0000000084300000| PB 0x0000000084300000| Untracked |  0
|  14|0x0000000084400000, 0x0000000084400000, 0x0000000084500000|  0%| F|  |TAMS 0x0000000084400000| PB 0x0000000084400000| Untracked |  0
|  15|0x0000000084500000, 0x0000000084500000, 0x0000000084600000|  0%| F|  |TAMS 0x0000000084500000| PB 0x0000000084500000| Untracked |  0
|  16|0x0000000084600000, 0x0000000084600000, 0x0000000084700000|  0%| F|  |TAMS 0x0000000084600000| PB 0x0000000084600000| Untracked |  0
|  17|0x0000000084700000, 0x0000000084700000, 0x0000000084800000|  0%| F|  |TAMS 0x0000000084700000| PB 0x0000000084700000| Untracked |  0
|  18|0x0000000084800000, 0x0000000084800000, 0x0000000084900000|  0%| F|  |TAMS 0x0000000084800000| PB 0x0000000084800000| Untracked |  0
|  19|0x0000000084900000, 0x0000000084900000, 0x0000000084a00000|  0%| F|  |TAMS 0x0000000084900000| PB 0x0000000084900000| Untracked |  0
|  20|0x0000000084a00000, 0x0000000084a00000, 0x0000000084b00000|  0%| F|  |TAMS 0x0000000084a00000| PB 0x0000000084a00000| Untracked |  0
|  21|0x0000000084b00000, 0x0000000084b00000, 0x0000000084c00000|  0%| F|  |TAMS 0x0000000084b00000| PB 0x0000000084b00000| Untracked |  0
|  22|0x0000000084c00000, 0x0000000084c00000, 0x0000000084d00000|  0%| F|  |TAMS 0x0000000084c00000| PB 0x0000000084c00000| Untracked |  0
|  23|0x0000000084d00000, 0x0000000084d00000, 0x0000000084e00000|  0%| F|  |TAMS 0x0000000084d00000| PB 0x0000000084d00000| Untracked |  0
|  24|0x0000000084e00000, 0x0000000084e00000, 0x0000000084f00000|  0%| F|  |TAMS 0x0000000084e00000| PB 0x0000000084e00000| Untracked |  0
|  25|0x0000000084f00000, 0x0000000084f00000, 0x0000000085000000|  0%| F|  |TAMS 0x0000000084f00000| PB 0x0000000084f00000| Untracked |  0
|  26|0x0000000085000000, 0x0000000085000000, 0x0000000085100000|  0%| F|  |TAMS 0x0000000085000000| PB 0x0000000085000000| Untracked |  0
|  27|0x0000000085100000, 0x0000000085100000, 0x0000000085200000|  0%| F|  |TAMS 0x0000000085100000| PB 0x0000000085100000| Untracked |  0
|  28|0x0000000085200000, 0x0000000085200000, 0x0000000085300000|  0%| F|  |TAMS 0x0000000085200000| PB 0x0000000085200000| Untracked |  0
|  29|0x0000000085300000, 0x0000000085300000, 0x0000000085400000|  0%| F|  |TAMS 0x0000000085300000| PB 0x0000000085300000| Untracked |  0
|  30|0x0000000085400000, 0x0000000085400000, 0x0000000085500000|  0%| F|  |TAMS 0x0000000085400000| PB 0x0000000085400000| Untracked |  0
|  31|0x0000000085500000, 0x0000000085500000, 0x0000000085600000|  0%| F|  |TAMS 0x0000000085500000| PB 0x0000000085500000| Untracked |  0
|  32|0x0000000085600000, 0x0000000085600000, 0x0000000085700000|  0%| F|  |TAMS 0x0000000085600000| PB 0x0000000085600000| Untracked |  0
|  33|0x0000000085700000, 0x0000000085700000, 0x0000000085800000|  0%| F|  |TAMS 0x0000000085700000| PB 0x0000000085700000| Untracked |  0
|  34|0x0000000085800000, 0x0000000085800000, 0x0000000085900000|  0%| F|  |TAMS 0x0000000085800000| PB 0x0000000085800000| Untracked |  0
|  35|0x0000000085900000, 0x0000000085900000, 0x0000000085a00000|  0%| F|  |TAMS 0x0000000085900000| PB 0x0000000085900000| Untracked |  0
|  36|0x0000000085a00000, 0x0000000085a00000, 0x0000000085b00000|  0%| F|  |TAMS 0x0000000085a00000| PB 0x0000000085a00000| Untracked |  0
|  37|0x0000000085b00000, 0x0000000085b00000, 0x0000000085c00000|  0%| F|  |TAMS 0x0000000085b00000| PB 0x0000000085b00000| Untracked |  0
|  38|0x0000000085c00000, 0x0000000085c00000, 0x0000000085d00000|  0%| F|  |TAMS 0x0000000085c00000| PB 0x0000000085c00000| Untracked |  0
|  39|0x0000000085d00000, 0x0000000085d00000, 0x0000000085e00000|  0%| F|  |TAMS 0x0000000085d00000| PB 0x0000000085d00000| Untracked |  0
|  40|0x0000000085e00000, 0x0000000085e00000, 0x0000000085f00000|  0%| F|  |TAMS 0x0000000085e00000| PB 0x0000000085e00000| Untracked |  0
|  41|0x0000000085f00000, 0x0000000085f00000, 0x0000000086000000|  0%| F|  |TAMS 0x0000000085f00000| PB 0x0000000085f00000| Untracked |  0
|  42|0x0000000086000000, 0x0000000086000000, 0x0000000086100000|  0%| F|  |TAMS 0x0000000086000000| PB 0x0000000086000000| Untracked |  0
|  43|0x0000000086100000, 0x0000000086100000, 0x0000000086200000|  0%| F|  |TAMS 0x0000000086100000| PB 0x0000000086100000| Untracked |  0
|  44|0x0000000086200000, 0x0000000086200000, 0x0000000086300000|  0%| F|  |TAMS 0x0000000086200000| PB 0x0000000086200000| Untracked |  0
|  45|0x0000000086300000, 0x0000000086300000, 0x0000000086400000|  0%| F|  |TAMS 0x0000000086300000| PB 0x0000000086300000| Untracked |  0
|  46|0x0000000086400000, 0x0000000086400000, 0x0000000086500000|  0%| F|  |TAMS 0x0000000086400000| PB 0x0000000086400000| Untracked |  0
|  47|0x0000000086500000, 0x0000000086500000, 0x0000000086600000|  0%| F|  |TAMS 0x0000000086500000| PB 0x0000000086500000| Untracked |  0
|  48|0x0000000086600000, 0x0000000086600000, 0x0000000086700000|  0%| F|  |TAMS 0x0000000086600000| PB 0x0000000086600000| Untracked |  0
|  49|0x0000000086700000, 0x0000000086700000, 0x0000000086800000|  0%| F|  |TAMS 0x0000000086700000| PB 0x0000000086700000| Untracked |  0
|  50|0x0000000086800000, 0x0000000086800000, 0x0000000086900000|  0%| F|  |TAMS 0x0000000086800000| PB 0x0000000086800000| Untracked |  0
|  51|0x0000000086900000, 0x0000000086900000, 0x0000000086a00000|  0%| F|  |TAMS 0x0000000086900000| PB 0x0000000086900000| Untracked |  0
|  52|0x0000000086a00000, 0x0000000086a00000, 0x0000000086b00000|  0%| F|  |TAMS 0x0000000086a00000| PB 0x0000000086a00000| Untracked |  0
|  53|0x0000000086b00000, 0x0000000086b00000, 0x0000000086c00000|  0%| F|  |TAMS 0x0000000086b00000| PB 0x0000000086b00000| Untracked |  0
|  54|0x0000000086c00000, 0x0000000086c00000, 0x0000000086d00000|  0%| F|  |TAMS 0x0000000086c00000| PB 0x0000000086c00000| Untracked |  0
|  55|0x0000000086d00000, 0x0000000086d00000, 0x0000000086e00000|  0%| F|  |TAMS 0x0000000086d00000| PB 0x0000000086d00000| Untracked |  0
|  56|0x0000000086e00000, 0x0000000086e00000, 0x0000000086f00000|  0%| F|  |TAMS 0x0000000086e00000| PB 0x0000000086e00000| Untracked |  0
|  57|0x0000000086f00000, 0x0000000086f00000, 0x0000000087000000|  0%| F|  |TAMS 0x0000000086f00000| PB 0x0000000086f00000| Untracked |  0
|  58|0x0000000087000000, 0x0000000087000000, 0x0000000087100000|  0%| F|  |TAMS 0x0000000087000000| PB 0x0000000087000000| Untracked |  0
|  59|0x0000000087100000, 0x0000000087100000, 0x0000000087200000|  0%| F|  |TAMS 0x0000000087100000| PB 0x0000000087100000| Untracked |  0
|  60|0x0000000087200000, 0x0000000087200000, 0x0000000087300000|  0%| F|  |TAMS 0x0000000087200000| PB 0x0000000087200000| Untracked |  0
|  61|0x0000000087300000, 0x0000000087300000, 0x0000000087400000|  0%| F|  |TAMS 0x0000000087300000| PB 0x0000000087300000| Untracked |  0
|  62|0x0000000087400000, 0x0000000087400000, 0x0000000087500000|  0%| F|  |TAMS 0x0000000087400000| PB 0x0000000087400000| Untracked |  0
|  63|0x0000000087500000, 0x0000000087500000, 0x0000000087600000|  0%| F|  |TAMS 0x0000000087500000| PB 0x0000000087500000| Untracked |  0
|  64|0x0000000087600000, 0x0000000087600000, 0x0000000087700000|  0%| F|  |TAMS 0x0000000087600000| PB 0x0000000087600000| Untracked |  0
|  65|0x0000000087700000, 0x0000000087700000, 0x0000000087800000|  0%| F|  |TAMS 0x0000000087700000| PB 0x0000000087700000| Untracked |  0
|  66|0x0000000087800000, 0x0000000087800000, 0x0000000087900000|  0%| F|  |TAMS 0x0000000087800000| PB 0x0000000087800000| Untracked |  0
|  67|0x0000000087900000, 0x0000000087900000, 0x0000000087a00000|  0%| F|  |TAMS 0x0000000087900000| PB 0x0000000087900000| Untracked |  0
|  68|0x0000000087a00000, 0x0000000087a00000, 0x0000000087b00000|  0%| F|  |TAMS 0x0000000087a00000| PB 0x0000000087a00000| Untracked |  0
|  69|0x0000000087b00000, 0x0000000087b00000, 0x0000000087c00000|  0%| F|  |TAMS 0x0000000087b00000| PB 0x0000000087b00000| Untracked |  0
|  70|0x0000000087c00000, 0x0000000087c00000, 0x0000000087d00000|  0%| F|  |TAMS 0x0000000087c00000| PB 0x0000000087c00000| Untracked |  0
|  71|0x0000000087d00000, 0x0000000087d00000, 0x0000000087e00000|  0%| F|  |TAMS 0x0000000087d00000| PB 0x0000000087d00000| Untracked |  0
|  72|0x0000000087e00000, 0x0000000087e00000, 0x0000000087f00000|  0%| F|  |TAMS 0x0000000087e00000| PB 0x0000000087e00000| Untracked |  0
|  73|0x0000000087f00000, 0x0000000087f00000, 0x0000000088000000|  0%| F|  |TAMS 0x0000000087f00000| PB 0x0000000087f00000| Untracked |  0
|  74|0x0000000088000000, 0x0000000088000000, 0x0000000088100000|  0%| F|  |TAMS 0x0000000088000000| PB 0x0000000088000000| Untracked |  0
|  75|0x0000000088100000, 0x0000000088100000, 0x0000000088200000|  0%| F|  |TAMS 0x0000000088100000| PB 0x0000000088100000| Untracked |  0
|  76|0x0000000088200000, 0x0000000088200000, 0x0000000088300000|  0%| F|  |TAMS 0x0000000088200000| PB 0x0000000088200000| Untracked |  0
|  77|0x0000000088300000, 0x0000000088300000, 0x0000000088400000|  0%| F|  |TAMS 0x0000000088300000| PB 0x0000000088300000| Untracked |  0
|  78|0x0000000088400000, 0x0000000088400000, 0x0000000088500000|  0%| F|  |TAMS 0x0000000088400000| PB 0x0000000088400000| Untracked |  0
|  79|0x0000000088500000, 0x0000000088500000, 0x0000000088600000|  0%| F|  |TAMS 0x0000000088500000| PB 0x0000000088500000| Untracked |  0
|  80|0x0000000088600000, 0x0000000088600000, 0x0000000088700000|  0%| F|  |TAMS 0x0000000088600000| PB 0x0000000088600000| Untracked |  0
|  81|0x0000000088700000, 0x0000000088700000, 0x0000000088800000|  0%| F|  |TAMS 0x0000000088700000| PB 0x0000000088700000| Untracked |  0
|  82|0x0000000088800000, 0x0000000088800000, 0x0000000088900000|  0%| F|  |TAMS 0x0000000088800000| PB 0x0000000088800000| Untracked |  0
|  83|0x0000000088900000, 0x0000000088900000, 0x0000000088a00000|  0%| F|  |TAMS 0x0000000088900000| PB 0x0000000088900000| Untracked |  0
|  84|0x0000000088a00000, 0x0000000088a00000, 0x0000000088b00000|  0%| F|  |TAMS 0x0000000088a00000| PB 0x0000000088a00000| Untracked |  0
|  85|0x0000000088b00000, 0x0000000088b00000, 0x0000000088c00000|  0%| F|  |TAMS 0x0000000088b00000| PB 0x0000000088b00000| Untracked |  0
|  86|0x0000000088c00000, 0x0000000088c00000, 0x0000000088d00000|  0%| F|  |TAMS 0x0000000088c00000| PB 0x0000000088c00000| Untracked |  0
|  87|0x0000000088d00000, 0x0000000088d00000, 0x0000000088e00000|  0%| F|  |TAMS 0x0000000088d00000| PB 0x0000000088d00000| Untracked |  0
|  88|0x0000000088e00000, 0x0000000088e00000, 0x0000000088f00000|  0%| F|  |TAMS 0x0000000088e00000| PB 0x0000000088e00000| Untracked |  0
|  89|0x0000000088f00000, 0x0000000088f00000, 0x0000000089000000|  0%| F|  |TAMS 0x0000000088f00000| PB 0x0000000088f00000| Untracked |  0
|  90|0x0000000089000000, 0x0000000089000000, 0x0000000089100000|  0%| F|  |TAMS 0x0000000089000000| PB 0x0000000089000000| Untracked |  0
|  91|0x0000000089100000, 0x0000000089100000, 0x0000000089200000|  0%| F|  |TAMS 0x0000000089100000| PB 0x0000000089100000| Untracked |  0
|  92|0x0000000089200000, 0x0000000089200000, 0x0000000089300000|  0%| F|  |TAMS 0x0000000089200000| PB 0x0000000089200000| Untracked |  0
|  93|0x0000000089300000, 0x0000000089300000, 0x0000000089400000|  0%| F|  |TAMS 0x0000000089300000| PB 0x0000000089300000| Untracked |  0
|  94|0x0000000089400000, 0x0000000089400000, 0x0000000089500000|  0%| F|  |TAMS 0x0000000089400000| PB 0x0000000089400000| Untracked |  0
|  95|0x0000000089500000, 0x0000000089500000, 0x0000000089600000|  0%| F|  |TAMS 0x0000000089500000| PB 0x0000000089500000| Untracked |  0
|  96|0x0000000089600000, 0x0000000089600000, 0x0000000089700000|  0%| F|  |TAMS 0x0000000089600000| PB 0x0000000089600000| Untracked |  0
|  97|0x0000000089700000, 0x0000000089700000, 0x0000000089800000|  0%| F|  |TAMS 0x0000000089700000| PB 0x0000000089700000| Untracked |  0
|  98|0x0000000089800000, 0x0000000089800000, 0x0000000089900000|  0%| F|  |TAMS 0x0000000089800000| PB 0x0000000089800000| Untracked |  0
|  99|0x0000000089900000, 0x0000000089900000, 0x0000000089a00000|  0%| F|  |TAMS 0x0000000089900000| PB 0x0000000089900000| Untracked |  0
| 100|0x0000000089a00000, 0x0000000089a00000, 0x0000000089b00000|  0%| F|  |TAMS 0x0000000089a00000| PB 0x0000000089a00000| Untracked |  0
| 101|0x0000000089b00000, 0x0000000089b00000, 0x0000000089c00000|  0%| F|  |TAMS 0x0000000089b00000| PB 0x0000000089b00000| Untracked |  0
| 102|0x0000000089c00000, 0x0000000089c00000, 0x0000000089d00000|  0%| F|  |TAMS 0x0000000089c00000| PB 0x0000000089c00000| Untracked |  0
| 103|0x0000000089d00000, 0x0000000089d00000, 0x0000000089e00000|  0%| F|  |TAMS 0x0000000089d00000| PB 0x0000000089d00000| Untracked |  0
| 104|0x0000000089e00000, 0x0000000089e00000, 0x0000000089f00000|  0%| F|  |TAMS 0x0000000089e00000| PB 0x0000000089e00000| Untracked |  0
| 105|0x0000000089f00000, 0x0000000089f00000, 0x000000008a000000|  0%| F|  |TAMS 0x0000000089f00000| PB 0x0000000089f00000| Untracked |  0
| 106|0x000000008a000000, 0x000000008a000000, 0x000000008a100000|  0%| F|  |TAMS 0x000000008a000000| PB 0x000000008a000000| Untracked |  0
| 107|0x000000008a100000, 0x000000008a100000, 0x000000008a200000|  0%| F|  |TAMS 0x000000008a100000| PB 0x000000008a100000| Untracked |  0
| 108|0x000000008a200000, 0x000000008a200000, 0x000000008a300000|  0%| F|  |TAMS 0x000000008a200000| PB 0x000000008a200000| Untracked |  0
| 109|0x000000008a300000, 0x000000008a300000, 0x000000008a400000|  0%| F|  |TAMS 0x000000008a300000| PB 0x000000008a300000| Untracked |  0
| 110|0x000000008a400000, 0x000000008a400000, 0x000000008a500000|  0%| F|  |TAMS 0x000000008a400000| PB 0x000000008a400000| Untracked |  0
| 111|0x000000008a500000, 0x000000008a500000, 0x000000008a600000|  0%| F|  |TAMS 0x000000008a500000| PB 0x000000008a500000| Untracked |  0
| 112|0x000000008a600000, 0x000000008a600000, 0x000000008a700000|  0%| F|  |TAMS 0x000000008a600000| PB 0x000000008a600000| Untracked |  0
| 113|0x000000008a700000, 0x000000008a700000, 0x000000008a800000|  0%| F|  |TAMS 0x000000008a700000| PB 0x000000008a700000| Untracked |  0
| 114|0x000000008a800000, 0x000000008a87ae38, 0x000000008a900000| 48%| E|  |TAMS 0x000000008a800000| PB 0x000000008a800000| Complete |  0
| 115|0x000000008a900000, 0x000000008aa00000, 0x000000008aa00000|100%| E|CS|TAMS 0x000000008a900000| PB 0x000000008a900000| Complete |  0
| 116|0x000000008aa00000, 0x000000008ab00000, 0x000000008ab00000|100%| E|CS|TAMS 0x000000008aa00000| PB 0x000000008aa00000| Complete |  0
| 117|0x000000008ab00000, 0x000000008ac00000, 0x000000008ac00000|100%| E|CS|TAMS 0x000000008ab00000| PB 0x000000008ab00000| Complete |  0
| 118|0x000000008ac00000, 0x000000008ad00000, 0x000000008ad00000|100%| E|CS|TAMS 0x000000008ac00000| PB 0x000000008ac00000| Complete |  0
| 119|0x000000008ad00000, 0x000000008ae00000, 0x000000008ae00000|100%| E|CS|TAMS 0x000000008ad00000| PB 0x000000008ad00000| Complete |  0
| 120|0x000000008ae00000, 0x000000008af00000, 0x000000008af00000|100%| E|CS|TAMS 0x000000008ae00000| PB 0x000000008ae00000| Complete |  0
| 121|0x000000008af00000, 0x000000008b000000, 0x000000008b000000|100%| E|CS|TAMS 0x000000008af00000| PB 0x000000008af00000| Complete |  0
| 122|0x000000008b000000, 0x000000008b100000, 0x000000008b100000|100%| E|CS|TAMS 0x000000008b000000| PB 0x000000008b000000| Complete |  0
| 123|0x000000008b100000, 0x000000008b200000, 0x000000008b200000|100%| E|CS|TAMS 0x000000008b100000| PB 0x000000008b100000| Complete |  0
| 124|0x000000008b200000, 0x000000008b300000, 0x000000008b300000|100%| E|CS|TAMS 0x000000008b200000| PB 0x000000008b200000| Complete |  0
| 125|0x000000008b300000, 0x000000008b400000, 0x000000008b400000|100%| E|CS|TAMS 0x000000008b300000| PB 0x000000008b300000| Complete |  0

Card table byte_map: [0x000002a4986a0000,0x000002a498a90000] _byte_map_base: 0x000002a498285000

Marking Bits: (CMBitMap*) 0x000002a4ff855910
 Bits: [0x000002a498a90000, 0x000002a49a9b8000)

Polling page: 0x000002a4feb70000

Metaspace:

Usage:
  Non-class:      8.09 MB used.
      Class:      1.06 MB used.
       Both:      9.15 MB used.

Virtual space:
  Non-class space:       64.00 MB reserved,       8.25 MB ( 13%) committed,  1 nodes.
      Class space:        1.00 GB reserved,       1.19 MB ( <1%) committed,  1 nodes.
             Both:        1.06 GB reserved,       9.44 MB ( <1%) committed. 

Chunk freelists:
   Non-Class:  6.98 MB
       Class:  14.74 MB
        Both:  21.72 MB

MaxMetaspaceSize: unlimited
CompressedClassSpaceSize: 1.00 GB
Initial GC threshold: 21.00 MB
Current GC threshold: 21.00 MB
CDS: on
 - commit_granule_bytes: 65536.
 - commit_granule_words: 8192.
 - virtual_space_node_default_size: 8388608.
 - enlarge_chunks_in_place: 1.
 - use_allocation_guard: 0.


Internal statistics:

num_allocs_failed_limit: 0.
num_arena_births: 160.
num_arena_deaths: 0.
num_vsnodes_births: 2.
num_vsnodes_deaths: 0.
num_space_committed: 151.
num_space_uncommitted: 0.
num_chunks_returned_to_freelist: 0.
num_chunks_taken_from_freelist: 220.
num_chunk_merges: 0.
num_chunk_splits: 123.
num_chunks_enlarged: 48.
num_inconsistent_stats: 0.

CodeHeap 'non-profiled nmethods': size=120000Kb used=326Kb max_used=326Kb free=119673Kb
 bounds [0x000002a491170000, 0x000002a4913e0000, 0x000002a4986a0000]
CodeHeap 'profiled nmethods': size=120000Kb used=1935Kb max_used=1935Kb free=118064Kb
 bounds [0x000002a4896a0000, 0x000002a489910000, 0x000002a490bd0000]
CodeHeap 'non-nmethods': size=5760Kb used=1767Kb max_used=1783Kb free=3993Kb
 bounds [0x000002a490bd0000, 0x000002a490e40000, 0x000002a491170000]
 total_blobs=1907 nmethods=1265 adapters=547
 compilation: enabled
              stopped_count=0, restarted_count=0
 full_count=0

Compilation events (20 events):
Event: 5.494 Thread 0x000002a49d40d330 1257       3       java.io.FileDescriptor$1::get (5 bytes)
Event: 5.494 Thread 0x000002a49d40d330 nmethod 1257 0x000002a48987b910 code [0x000002a48987baa0, 0x000002a48987bbb8]
Event: 5.496 Thread 0x000002a49d40d330 1258       3       javax.swing.JComponent::revalidate (53 bytes)
Event: 5.497 Thread 0x000002a49d40c470 nmethod 1255 0x000002a4911c0b90 code [0x000002a4911c0d20, 0x000002a4911c10a0]
Event: 5.497 Thread 0x000002a49d40d330 nmethod 1258 0x000002a48987bc90 code [0x000002a48987c020, 0x000002a48987d978]
Event: 5.500 Thread 0x000002a49d40c470 1259       4       sun.awt.AppContext::getAppContext (51 bytes)
Event: 5.501 Thread 0x000002a49d40c470 nmethod 1259 0x000002a4911c1310 code [0x000002a4911c14a0, 0x000002a4911c1568]
Event: 5.502 Thread 0x000002a49d40d330 1260   !   3       javax.swing.RepaintManager::addDirtyRegion0 (205 bytes)
Event: 5.502 Thread 0x000002a49d40d330 nmethod 1260 0x000002a48987df90 code [0x000002a48987e2c0, 0x000002a48987fc60]
Event: 5.516 Thread 0x000002a49d40d330 1261       1       java.awt.Component::isMinimumSizeSet (5 bytes)
Event: 5.516 Thread 0x000002a49d40d330 nmethod 1261 0x000002a4911c1610 code [0x000002a4911c17a0, 0x000002a4911c1870]
Event: 5.517 Thread 0x000002a49d40d330 1262       3       javax.swing.JComponent::getInputMap (143 bytes)
Event: 5.517 Thread 0x000002a49d40d330 nmethod 1262 0x000002a489880390 code [0x000002a489880620, 0x000002a4898811a8]
Event: 5.517 Thread 0x000002a49d40d330 1263       3       java.util.Locale::hashCode (41 bytes)
Event: 5.517 Thread 0x000002a49d40d330 nmethod 1263 0x000002a489881490 code [0x000002a489881640, 0x000002a489881840]
Event: 5.517 Thread 0x000002a49d40d330 1264       3       java.util.Arrays::equals (43 bytes)
Event: 5.517 Thread 0x000002a49d40d330 nmethod 1264 0x000002a489881910 code [0x000002a489881ae0, 0x000002a489881da8]
Event: 5.518 Thread 0x000002a49d40d330 1266   !   3       javax.swing.UIDefaults::getResourceCache (176 bytes)
Event: 5.519 Thread 0x000002a49d40d330 nmethod 1266 0x000002a489881e90 code [0x000002a4898821a0, 0x000002a489883408]
Event: 5.519 Thread 0x000002a49d40d330 1265       3       javax.swing.UIDefaults$TextAndMnemonicHashMap::get (358 bytes)

GC Heap History (0 events):
No events

Dll operation events (9 events):
Event: 0.006 Loaded shared library C:\Program Files\Java\jdk-22\bin\java.dll
Event: 0.027 Loaded shared library C:\Program Files\Java\jdk-22\bin\jsvml.dll
Event: 0.058 Loaded shared library C:\Program Files\Java\jdk-22\bin\jimage.dll
Event: 0.063 Loaded shared library C:\Program Files\Java\jdk-22\bin\net.dll
Event: 0.064 Loaded shared library C:\Program Files\Java\jdk-22\bin\nio.dll
Event: 0.068 Loaded shared library C:\Program Files\Java\jdk-22\bin\zip.dll
Event: 0.085 Loaded shared library C:\Program Files\Java\jdk-22\bin\awt.dll
Event: 0.253 Loaded shared library C:\Program Files\Java\jdk-22\bin\freetype.dll
Event: 0.253 Loaded shared library C:\Program Files\Java\jdk-22\bin\fontmanager.dll

Deoptimization events (20 events):
Event: 0.373 Thread 0x000002a49d98e470 Uncommon trap: trap_request=0xffffff76 fr.pc=0x000002a4911a6c38 relative=0x0000000000000218
Event: 0.373 Thread 0x000002a49d98e470 Uncommon trap: reason=predicate action=maybe_recompile pc=0x000002a4911a6c38 method=java.util.ArrayList.indexOfRange(Ljava/lang/Object;II)I @ 45 c2
Event: 0.373 Thread 0x000002a49d98e470 DEOPT PACKING pc=0x000002a4911a6c38 sp=0x000000e593efd9c0
Event: 0.373 Thread 0x000002a49d98e470 DEOPT UNPACKING pc=0x000002a490c27da2 sp=0x000000e593efd938 mode 2
Event: 1.220 Thread 0x000002a49d98e470 Uncommon trap: trap_request=0xffffffde fr.pc=0x000002a491190dcc relative=0x00000000000001ac
Event: 1.220 Thread 0x000002a49d98e470 Uncommon trap: reason=class_check action=maybe_recompile pc=0x000002a491190dcc method=java.lang.String.equals(Ljava/lang/Object;)Z @ 8 c2
Event: 1.220 Thread 0x000002a49d98e470 DEOPT PACKING pc=0x000002a491190dcc sp=0x000000e593efde40
Event: 1.220 Thread 0x000002a49d98e470 DEOPT UNPACKING pc=0x000002a490c27da2 sp=0x000000e593efddd8 mode 2
Event: 1.220 Thread 0x000002a49d98e470 Uncommon trap: trap_request=0xffffffde fr.pc=0x000002a491190dcc relative=0x00000000000001ac
Event: 1.220 Thread 0x000002a49d98e470 Uncommon trap: reason=class_check action=maybe_recompile pc=0x000002a491190dcc method=java.lang.String.equals(Ljava/lang/Object;)Z @ 8 c2
Event: 1.220 Thread 0x000002a49d98e470 DEOPT PACKING pc=0x000002a491190dcc sp=0x000000e593efde40
Event: 1.220 Thread 0x000002a49d98e470 DEOPT UNPACKING pc=0x000002a490c27da2 sp=0x000000e593efddd8 mode 2
Event: 1.289 Thread 0x000002a49d98e470 Uncommon trap: trap_request=0xffffffde fr.pc=0x000002a491190dcc relative=0x00000000000001ac
Event: 1.289 Thread 0x000002a49d98e470 Uncommon trap: reason=class_check action=maybe_recompile pc=0x000002a491190dcc method=java.lang.String.equals(Ljava/lang/Object;)Z @ 8 c2
Event: 1.289 Thread 0x000002a49d98e470 DEOPT PACKING pc=0x000002a491190dcc sp=0x000000e593efde40
Event: 1.289 Thread 0x000002a49d98e470 DEOPT UNPACKING pc=0x000002a490c27da2 sp=0x000000e593efddd8 mode 2
Event: 1.289 Thread 0x000002a49d98e470 Uncommon trap: trap_request=0xffffffde fr.pc=0x000002a491190dcc relative=0x00000000000001ac
Event: 1.289 Thread 0x000002a49d98e470 Uncommon trap: reason=class_check action=maybe_recompile pc=0x000002a491190dcc method=java.lang.String.equals(Ljava/lang/Object;)Z @ 8 c2
Event: 1.289 Thread 0x000002a49d98e470 DEOPT PACKING pc=0x000002a491190dcc sp=0x000000e593efde40
Event: 1.289 Thread 0x000002a49d98e470 DEOPT UNPACKING pc=0x000002a490c27da2 sp=0x000000e593efddd8 mode 2

Classes loaded (20 events):
Event: 5.496 Loading class javax/swing/plaf/basic/BasicPopupMenuUI$BasicPopupMenuListener
Event: 5.496 Loading class javax/swing/event/PopupMenuListener
Event: 5.496 Loading class javax/swing/event/PopupMenuListener done
Event: 5.496 Loading class javax/swing/plaf/basic/BasicPopupMenuUI$BasicPopupMenuListener done
Event: 5.496 Loading class javax/swing/plaf/basic/BasicPopupMenuUI$BasicMenuKeyListener
Event: 5.496 Loading class javax/swing/plaf/basic/BasicPopupMenuUI$BasicMenuKeyListener done
Event: 5.496 Loading class javax/swing/plaf/basic/BasicPopupMenuUI$MouseGrabber
Event: 5.496 Loading class javax/swing/plaf/basic/BasicPopupMenuUI$MouseGrabber done
Event: 5.496 Loading class javax/swing/MenuSelectionManager
Event: 5.496 Loading class javax/swing/MenuSelectionManager done
Event: 5.496 Loading class javax/swing/plaf/basic/BasicPopupMenuUI$MenuKeyboardHelper
Event: 5.497 Loading class javax/swing/plaf/basic/BasicPopupMenuUI$MenuKeyboardHelper done
Event: 5.497 Loading class javax/swing/plaf/basic/BasicPopupMenuUI$MenuKeyboardHelper$1
Event: 5.497 Loading class java/awt/event/FocusAdapter
Event: 5.497 Loading class java/awt/event/FocusAdapter done
Event: 5.497 Loading class javax/swing/plaf/basic/BasicPopupMenuUI$MenuKeyboardHelper$1 done
Event: 5.497 Loading class javax/swing/JMenu$WinListener
Event: 5.497 Loading class javax/swing/JMenu$WinListener done
Event: 5.517 Loading class sun/swing/MenuItemLayoutHelper$RectSize
Event: 5.517 Loading class sun/swing/MenuItemLayoutHelper$RectSize done

Classes unloaded (0 events):
No events

Classes redefined (0 events):
No events

Internal exceptions (14 events):
Event: 0.075 Thread 0x000002a4fe8b25c0 Exception <a 'java/lang/ClassNotFoundException'{0x000000008b11ea30}: sun/awt/resources/spi/awtProvider> (0x000000008b11ea30) 
thrown [s\open\src\hotspot\share\classfile\systemDictionary.cpp, line 313]
Event: 0.093 Thread 0x000002a4fe8b25c0 Exception <a 'java/io/FileNotFoundException'{0x000000008b176df8}> (0x000000008b176df8) 
thrown [s\open\src\hotspot\share\prims\jni.cpp, line 520]
Event: 0.099 Thread 0x000002a4fe8b25c0 Exception <a 'java/io/FileNotFoundException'{0x000000008b1a5540}> (0x000000008b1a5540) 
thrown [s\open\src\hotspot\share\prims\jni.cpp, line 520]
Event: 0.174 Thread 0x000002a4fe8b25c0 Exception <a 'java/lang/NoSuchMethodError'{0x000000008b040f90}: 'void java.lang.invoke.DirectMethodHandle$Holder.invokeSpecial(java.lang.Object, java.lang.Object, java.lang.Object)'> (0x000000008b040f90) 
thrown [s\open\src\hotspot\share\interpreter\linkResolver.cpp, line 774]
Event: 0.182 Thread 0x000002a4fe8b25c0 Exception <a 'java/lang/NoSuchMethodError'{0x000000008b067390}: 'java.lang.Object java.lang.invoke.DirectMethodHandle$Holder.newInvokeSpecial(java.lang.Object, java.lang.Object, java.lang.Object, java.lang.Object, java.lang.Object)'> (0x000000008b067390) 
thrown [s\open\src\hotspot\share\interpreter\linkResolver.cpp, line 774]
Event: 0.186 Thread 0x000002a4fe8b25c0 Exception <a 'java/lang/NoSuchMethodError'{0x000000008af195b8}: 'java.lang.Object java.lang.invoke.DirectMethodHandle$Holder.invokeStatic(java.lang.Object, int, java.lang.Object)'> (0x000000008af195b8) 
thrown [s\open\src\hotspot\share\interpreter\linkResolver.cpp, line 774]
Event: 0.203 Thread 0x000002a4fe8b25c0 Exception <a 'java/lang/ClassNotFoundException'{0x000000008afbb098}: com/sun/swing/internal/plaf/metal/resources/spi/metalProvider> (0x000000008afbb098) 
thrown [s\open\src\hotspot\share\classfile\systemDictionary.cpp, line 313]
Event: 0.204 Thread 0x000002a4fe8b25c0 Exception <a 'java/lang/ClassNotFoundException'{0x000000008afbf048}: com/sun/swing/internal/plaf/basic/resources/spi/basicProvider> (0x000000008afbf048) 
thrown [s\open\src\hotspot\share\classfile\systemDictionary.cpp, line 313]
Event: 0.212 Thread 0x000002a4fe8b25c0 Exception <a 'java/lang/NoSuchMethodError'{0x000000008afdefe8}: 'int java.lang.invoke.Invokers$Holder.invokeExact_MT(java.lang.Object, java.lang.Object)'> (0x000000008afdefe8) 
thrown [s\open\src\hotspot\share\interpreter\linkResolver.cpp, line 774]
Event: 0.240 Thread 0x000002a49d920140 Exception <a 'java/lang/NoSuchMethodError'{0x000000008aefa348}: 'void java.lang.invoke.DirectMethodHandle$Holder.invokeVirtual(java.lang.Object, java.lang.Object)'> (0x000000008aefa348) 
thrown [s\open\src\hotspot\share\interpreter\linkResolver.cpp, line 774]
Event: 0.251 Thread 0x000002a4fe8b25c0 Exception <a 'java/lang/NoSuchMethodError'{0x000000008ae34188}: 'void java.lang.invoke.DirectMethodHandle$Holder.invokeStaticInit(java.lang.Object)'> (0x000000008ae34188) 
thrown [s\open\src\hotspot\share\interpreter\linkResolver.cpp, line 774]
Event: 4.648 Thread 0x000002a4e4427600 Exception <a 'java/lang/NoSuchMethodError'{0x000000008a9899b0}: 'java.lang.Object java.lang.invoke.DirectMethodHandle$Holder.newInvokeSpecial(java.lang.Object, java.lang.Object, java.lang.Object, int, int, int, int, int)'> (0x000000008a9899b0) 
thrown [s\open\src\hotspot\share\interpreter\linkResolver.cpp, line 774]
Event: 4.672 Thread 0x000002a49d98e470 Exception <a 'java/lang/NoSuchMethodError'{0x000000008a928258}: 'void java.lang.invoke.DirectMethodHandle$Holder.invokeStatic(java.lang.Object, java.lang.Object)'> (0x000000008a928258) 
thrown [s\open\src\hotspot\share\interpreter\linkResolver.cpp, line 774]
Event: 4.693 Thread 0x000002a49d98e470 Exception <a 'java/lang/NoSuchMethodError'{0x000000008a93c320}: 'int java.lang.invoke.DirectMethodHandle$Holder.invokeStatic(java.lang.Object)'> (0x000000008a93c320) 
thrown [s\open\src\hotspot\share\interpreter\linkResolver.cpp, line 774]

ZGC Phase Switch (0 events):
No events

VM Operations (20 events):
Event: 0.069 Executing VM operation: HandshakeAllThreads (Deoptimize)
Event: 0.069 Executing VM operation: HandshakeAllThreads (Deoptimize) done
Event: 0.106 Executing VM operation: HandshakeAllThreads (Deoptimize)
Event: 0.106 Executing VM operation: HandshakeAllThreads (Deoptimize) done
Event: 0.214 Executing VM operation: HandshakeAllThreads (Deoptimize)
Event: 0.214 Executing VM operation: HandshakeAllThreads (Deoptimize) done
Event: 1.223 Executing VM operation: Cleanup
Event: 1.224 Executing VM operation: Cleanup done
Event: 2.231 Executing VM operation: Cleanup
Event: 2.231 Executing VM operation: Cleanup done
Event: 3.238 Executing VM operation: Cleanup
Event: 3.238 Executing VM operation: Cleanup done
Event: 4.252 Executing VM operation: Cleanup
Event: 4.252 Executing VM operation: Cleanup done
Event: 4.642 Executing VM operation: HandshakeAllThreads (Deoptimize)
Event: 4.642 Executing VM operation: HandshakeAllThreads (Deoptimize) done
Event: 5.495 Executing VM operation: HandshakeAllThreads (Deoptimize)
Event: 5.495 Executing VM operation: HandshakeAllThreads (Deoptimize) done
Event: 5.495 Executing VM operation: Cleanup
Event: 5.495 Executing VM operation: Cleanup done

Memory protections (0 events):
No events

Nmethod flushes (0 events):
No events

Events (20 events):
Event: 0.025 Thread 0x000002a4fe8b25c0 Thread added: 0x000002a49d3f9030
Event: 0.025 Thread 0x000002a4fe8b25c0 Thread added: 0x000002a49d3fa040
Event: 0.025 Thread 0x000002a4fe8b25c0 Thread added: 0x000002a49d4009b0
Event: 0.025 Thread 0x000002a4fe8b25c0 Thread added: 0x000002a49d404fa0
Event: 0.025 Thread 0x000002a4fe8b25c0 Thread added: 0x000002a49d407640
Event: 0.025 Thread 0x000002a4fe8b25c0 Thread added: 0x000002a49d409850
Event: 0.025 Thread 0x000002a4fe8b25c0 Thread added: 0x000002a49d40c470
Event: 0.025 Thread 0x000002a4fe8b25c0 Thread added: 0x000002a49d40d330
Event: 0.039 Thread 0x000002a4fe8b25c0 Thread added: 0x000002a49d6bbb40
Event: 0.041 Thread 0x000002a4fe8b25c0 Thread added: 0x000002a49d6c2df0
Event: 0.140 Thread 0x000002a4fe8b25c0 Thread added: 0x000002a49d9186a0
Event: 0.141 Thread 0x000002a4fe8b25c0 Thread added: 0x000002a49d91ca20
Event: 0.142 Thread 0x000002a4fe8b25c0 Thread added: 0x000002a49d920140
Event: 0.232 Thread 0x000002a4fe8b25c0 Thread added: 0x000002a49d98e470
Event: 0.300 Thread 0x000002a49d40d330 Thread added: 0x000002a4e42aa890
Event: 0.371 Thread 0x000002a4fe8b25c0 Thread exited: 0x000002a4fe8b25c0
Event: 0.371 Thread 0x000002a4fe8b25c0 Thread added: 0x000002a4fe8b25c0
Event: 0.400 Thread 0x000002a49d98e470 Thread added: 0x000002a4e44167f0
Event: 0.904 Thread 0x000002a4e42aa890 Thread exited: 0x000002a4e42aa890
Event: 4.644 Thread 0x000002a49d98e470 Thread added: 0x000002a4e4427600


Dynamic libraries:
0x00007ff7477b0000 - 0x00007ff7477c0000 	C:\Program Files\Java\jdk-22\bin\java.exe
0x00007ff8c96b0000 - 0x00007ff8c98c7000 	C:\WINDOWS\SYSTEM32\ntdll.dll
0x00007ff8c8830000 - 0x00007ff8c88f4000 	C:\WINDOWS\System32\KERNEL32.DLL
0x00007ff8c6bc0000 - 0x00007ff8c6f6d000 	C:\WINDOWS\System32\KERNELBASE.dll
0x00007ff8c6f70000 - 0x00007ff8c7081000 	C:\WINDOWS\System32\ucrtbase.dll
0x00007ff8ba8b0000 - 0x00007ff8ba8cb000 	C:\Program Files\Java\jdk-22\bin\VCRUNTIME140.dll
0x00007ff8af3f0000 - 0x00007ff8af407000 	C:\Program Files\Java\jdk-22\bin\jli.dll
0x00007ff8c82e0000 - 0x00007ff8c848e000 	C:\WINDOWS\System32\USER32.dll
0x00007ff8c69d0000 - 0x00007ff8c69f6000 	C:\WINDOWS\System32\win32u.dll
0x00007ff8abf10000 - 0x00007ff8ac1a3000 	C:\WINDOWS\WinSxS\amd64_microsoft.windows.common-controls_6595b64144ccf1df_6.0.22621.3672_none_2713b9d173822955\COMCTL32.dll
0x00007ff8c8750000 - 0x00007ff8c8779000 	C:\WINDOWS\System32\GDI32.dll
0x00007ff8c6a00000 - 0x00007ff8c6b19000 	C:\WINDOWS\System32\gdi32full.dll
0x00007ff8c6b20000 - 0x00007ff8c6bba000 	C:\WINDOWS\System32\msvcp_win.dll
0x00007ff8c8780000 - 0x00007ff8c8827000 	C:\WINDOWS\System32\msvcrt.dll
0x00007ff8c8500000 - 0x00007ff8c8531000 	C:\WINDOWS\System32\IMM32.DLL
0x00007ff8c4180000 - 0x00007ff8c418c000 	C:\Program Files\Java\jdk-22\bin\vcruntime140_1.dll
0x00007ff897010000 - 0x00007ff89709e000 	C:\Program Files\Java\jdk-22\bin\msvcp140.dll
0x00007ff855840000 - 0x00007ff856589000 	C:\Program Files\Java\jdk-22\bin\server\jvm.dll
0x00007ff8c92a0000 - 0x00007ff8c9352000 	C:\WINDOWS\System32\ADVAPI32.dll
0x00007ff8c86a0000 - 0x00007ff8c8749000 	C:\WINDOWS\System32\sechost.dll
0x00007ff8c7340000 - 0x00007ff8c7368000 	C:\WINDOWS\System32\bcrypt.dll
0x00007ff8c78f0000 - 0x00007ff8c7a04000 	C:\WINDOWS\System32\RPCRT4.dll
0x00007ff8c9170000 - 0x00007ff8c91e1000 	C:\WINDOWS\System32\WS2_32.dll
0x00007ff8c68a0000 - 0x00007ff8c68ed000 	C:\WINDOWS\SYSTEM32\POWRPROF.dll
0x00007ff8b9e30000 - 0x00007ff8b9e3a000 	C:\WINDOWS\SYSTEM32\VERSION.dll
0x00007ff8baa40000 - 0x00007ff8baa74000 	C:\WINDOWS\SYSTEM32\WINMM.dll
0x00007ff8c6880000 - 0x00007ff8c6893000 	C:\WINDOWS\SYSTEM32\UMPDC.dll
0x00007ff8c5a20000 - 0x00007ff8c5a38000 	C:\WINDOWS\SYSTEM32\kernel.appcore.dll
0x00007ff8c3d60000 - 0x00007ff8c3d6a000 	C:\Program Files\Java\jdk-22\bin\jimage.dll
0x00007ff8bb160000 - 0x00007ff8bb392000 	C:\WINDOWS\SYSTEM32\DBGHELP.DLL
0x00007ff8c7460000 - 0x00007ff8c77ee000 	C:\WINDOWS\System32\combase.dll
0x00007ff8c7c50000 - 0x00007ff8c7d27000 	C:\WINDOWS\System32\OLEAUT32.dll
0x00007ff8ba940000 - 0x00007ff8ba972000 	C:\WINDOWS\SYSTEM32\dbgcore.DLL
0x00007ff8c7090000 - 0x00007ff8c710b000 	C:\WINDOWS\System32\bcryptPrimitives.dll
0x00007ff8ba5c0000 - 0x00007ff8ba5de000 	C:\Program Files\Java\jdk-22\bin\java.dll
0x00007ff8c8900000 - 0x00007ff8c9167000 	C:\WINDOWS\System32\SHELL32.dll
0x00007ff8c7a10000 - 0x00007ff8c7bb5000 	C:\WINDOWS\System32\ole32.dll
0x00007ff8c4950000 - 0x00007ff8c524f000 	C:\WINDOWS\SYSTEM32\windows.storage.dll
0x00007ff8c4810000 - 0x00007ff8c494f000 	C:\WINDOWS\SYSTEM32\wintypes.dll
0x00007ff8c77f0000 - 0x00007ff8c78e9000 	C:\WINDOWS\System32\SHCORE.dll
0x00007ff8c8490000 - 0x00007ff8c84ee000 	C:\WINDOWS\System32\shlwapi.dll
0x00007ff8c6900000 - 0x00007ff8c6927000 	C:\WINDOWS\SYSTEM32\profapi.dll
0x00007ff897290000 - 0x00007ff897367000 	C:\Program Files\Java\jdk-22\bin\jsvml.dll
0x00007ff8bb690000 - 0x00007ff8bb6a0000 	C:\Program Files\Java\jdk-22\bin\net.dll
0x00007ff8c5e90000 - 0x00007ff8c5ef9000 	C:\WINDOWS\system32\mswsock.dll
0x00007ff8b6cc0000 - 0x00007ff8b6cd6000 	C:\Program Files\Java\jdk-22\bin\nio.dll
0x00007ff8b41a0000 - 0x00007ff8b41b7000 	C:\Program Files\Java\jdk-22\bin\zip.dll
0x00007ff882b70000 - 0x00007ff882cfe000 	C:\Program Files\Java\jdk-22\bin\awt.dll
0x00007ff8c3a40000 - 0x00007ff8c3ad7000 	C:\WINDOWS\SYSTEM32\apphelp.dll
0x00007ff8c4510000 - 0x00007ff8c453b000 	C:\WINDOWS\system32\DWMAPI.DLL
0x00007ff8c42d0000 - 0x00007ff8c4381000 	C:\WINDOWS\system32\uxtheme.dll
0x00007ff899330000 - 0x00007ff899430000 	C:\WINDOWS\system32\opengl32.dll
0x00007ff8a6d50000 - 0x00007ff8a6d7d000 	C:\WINDOWS\SYSTEM32\GLU32.dll
0x00007ff8c43c0000 - 0x00007ff8c43f7000 	C:\WINDOWS\SYSTEM32\dxcore.dll
0x00007ff8c8540000 - 0x00007ff8c869e000 	C:\WINDOWS\System32\MSCTF.dll
0x00007ff888b00000 - 0x00007ff888b87000 	C:\Program Files\Java\jdk-22\bin\freetype.dll
0x00007ff8879f0000 - 0x00007ff887ac7000 	C:\Program Files\Java\jdk-22\bin\fontmanager.dll
0x00007ff8c91f0000 - 0x00007ff8c92a0000 	C:\WINDOWS\System32\clbcatq.dll
0x00007ff8c3fc0000 - 0x00007ff8c4171000 	C:\WINDOWS\SYSTEM32\WindowsCodecs.dll
0x00007ff8975d0000 - 0x00007ff89762e000 	C:\WINDOWS\system32\dataexchange.dll
0x00007ff8c0d50000 - 0x00007ff8c0fda000 	C:\WINDOWS\system32\twinapi.appcore.dll
0x00007ff893f90000 - 0x00007ff8940d3000 	C:\WINDOWS\SYSTEM32\textinputframework.dll
0x00007ff8c3be0000 - 0x00007ff8c3d13000 	C:\WINDOWS\SYSTEM32\CoreMessaging.dll
0x00007ff8c1c10000 - 0x00007ff8c1f7d000 	C:\WINDOWS\SYSTEM32\CoreUIComponents.dll
0x00007ff8c60e0000 - 0x00007ff8c60ec000 	C:\WINDOWS\SYSTEM32\CRYPTBASE.DLL

dbghelp: loaded successfully - version: 4.0.5 - missing functions: none
symbol engine: initialized successfully - sym options: 0x614 - pdb path: .;C:\Program Files\Java\jdk-22\bin;C:\WINDOWS\SYSTEM32;C:\WINDOWS\WinSxS\amd64_microsoft.windows.common-controls_6595b64144ccf1df_6.0.22621.3672_none_2713b9d173822955;C:\Program Files\Java\jdk-22\bin\server

VM Arguments:
java_command: com.schuquiej.proyecto_algoritmos.Proyecto_algoritmos
java_class_path (initial): C:\Users\sergi\Documents\GitHub\proyedcto_final\Project\target\classes;C:\Users\sergi\.m2\repository\com\fasterxml\jackson\core\jackson-databind\2.15.1\jackson-databind-2.15.1.jar;C:\Users\sergi\.m2\repository\com\fasterxml\jackson\core\jackson-core\2.15.1\jackson-core-2.15.1.jar;C:\Users\sergi\.m2\repository\com\fasterxml\jackson\core\jackson-annotations\2.15.1\jackson-annotations-2.15.1.jar;C:\Users\sergi\.m2\repository\top\jfunc\json\json-jackson\1.8.3\json-jackson-1.8.3.jar;C:\Users\sergi\.m2\repository\top\jfunc\json\json-common\1.8.2\json-common-1.8.2.jar
Launcher Type: SUN_STANDARD

[Global flags]
     intx CICompilerCount                          = 4                                         {product} {ergonomic}
     uint ConcGCThreads                            = 2                                         {product} {ergonomic}
     uint G1ConcRefinementThreads                  = 8                                         {product} {ergonomic}
   size_t G1HeapRegionSize                         = 1048576                                   {product} {ergonomic}
   size_t InitialHeapSize                          = 132120576                                 {product} {ergonomic}
   size_t MarkStackSize                            = 4194304                                   {product} {ergonomic}
   size_t MaxHeapSize                              = 2090860544                                {product} {ergonomic}
   size_t MaxNewSize                               = 1254096896                                {product} {ergonomic}
   size_t MinHeapDeltaBytes                        = 1048576                                   {product} {ergonomic}
   size_t MinHeapSize                              = 8388608                                   {product} {ergonomic}
    uintx NonNMethodCodeHeapSize                   = 5839372                                {pd product} {ergonomic}
    uintx NonProfiledCodeHeapSize                  = 122909434                              {pd product} {ergonomic}
    uintx ProfiledCodeHeapSize                     = 122909434                              {pd product} {ergonomic}
    uintx ReservedCodeCacheSize                    = 251658240                              {pd product} {ergonomic}
     bool SegmentedCodeCache                       = true                                      {product} {ergonomic}
   size_t SoftMaxHeapSize                          = 2090860544                             {manageable} {ergonomic}
     bool UseCompressedOops                        = true                           {product lp64_product} {ergonomic}
     bool UseG1GC                                  = true                                      {product} {ergonomic}
     bool UseLargePagesIndividualAllocation        = false                                  {pd product} {ergonomic}

Logging:
Log output configuration:
 #0: stdout all=warning uptime,level,tags foldmultilines=false
 #1: stderr all=off uptime,level,tags foldmultilines=false

Environment Variables:
JAVA_HOME=C:\Program Files\Java\jdk-22
PATH=C:\Program Files\Common Files\Oracle\Java\javapath;C:\Windows\System32\HWAudioDriverLibs;C:\Windows\system32;C:\Windows;C:\Windows\System32\Wbem;C:\Windows\System32\WindowsPowerShell\v1.0\;C:\Windows\System32\OpenSSH\;C:\Users\Administrator\AppData\Local\Microsoft\WindowsApps;C:\WINDOWS\system32;C:\WINDOWS;C:\WINDOWS\System32\Wbem;C:\WINDOWS\System32\WindowsPowerShell\v1.0\;C:\WINDOWS\System32\OpenSSH\;C:\Program Files\Git\cmd;C:\Users\sergi\AppData\Local\Microsoft\WindowsApps;C:\Users\sergi\AppData\Local\GitHubDesktop\bin;C:\Users\sergi\AppData\Local\Programs\Microsoft VS Code\bin
USERNAME=sergi
OS=Windows_NT
PROCESSOR_IDENTIFIER=Intel64 Family 6 Model 140 Stepping 2, GenuineIntel
TMP=C:\Users\sergi\AppData\Local\Temp
TEMP=C:\Users\sergi\AppData\Local\Temp




Periodic native trim disabled

---------------  S Y S T E M  ---------------

OS:
 Windows 11 , 64 bit Build 22621 (10.0.22621.3958)
OS uptime: 28 days 7:32 hours

CPU: total 8 (initial active 8) (4 cores per cpu, 2 threads per core) family 6 model 140 stepping 2 microcode 0x16, cx8, cmov, fxsr, ht, mmx, 3dnowpref, sse, sse2, sse3, ssse3, sse4.1, sse4.2, popcnt, lzcnt, tsc, tscinvbit, avx, avx2, aes, erms, clmul, bmi1, bmi2, adx, avx512f, avx512dq, avx512cd, avx512bw, avx512vl, sha, fma, vzeroupper, avx512_vpopcntdq, avx512_vpclmulqdq, avx512_vaes, avx512_vnni, clflush, clflushopt, clwb, avx512_vbmi2, avx512_vbmi, rdtscp, rdpid, fsrm, gfni, avx512_bitalg, f16c, pku, cet_ibt, cet_ss, avx512_ifma
Processor Information for processor 0
  Max Mhz: 2496, Current Mhz: 2496, Mhz Limit: 2496
Processor Information for processor 1
  Max Mhz: 2496, Current Mhz: 1198, Mhz Limit: 2496
Processor Information for processor 2
  Max Mhz: 2496, Current Mhz: 1198, Mhz Limit: 2496
Processor Information for processor 3
  Max Mhz: 2496, Current Mhz: 2496, Mhz Limit: 2496
Processor Information for processor 4
  Max Mhz: 2496, Current Mhz: 1198, Mhz Limit: 2496
Processor Information for processor 5
  Max Mhz: 2496, Current Mhz: 2496, Mhz Limit: 2496
Processor Information for processor 6
  Max Mhz: 2496, Current Mhz: 2496, Mhz Limit: 2496
Processor Information for processor 7
  Max Mhz: 2496, Current Mhz: 1198, Mhz Limit: 2496

Memory: 4k page, system-wide physical 7975M (656M free)
TotalPageFile size 23335M (AvailPageFile size 1M)
current process WorkingSet (physical memory assigned to process): 77M, peak: 77M
current process commit charge ("private bytes"): 228M, peak: 229M

vm_info: Java HotSpot(TM) 64-Bit Server VM (22.0.2+9-70) for windows-amd64 JRE (22.0.2+9-70), built on 2024-06-04T16:52:23Z by "mach5one" with MS VC++ 17.6 (VS2022)

END.
